c:\users\jimto\onedrive\documents\github\comp3015-30-cw\comp3015_30cw\project_template\x64\debug\vc143.pdb
c:\users\jimto\onedrive\documents\github\comp3015-30-cw\comp3015_30cw\project_template\x64\debug\vc143.idb
c:\users\jimto\onedrive\documents\github\comp3015-30-cw\comp3015_30cw\project_template\x64\debug\glad.obj
c:\users\jimto\onedrive\documents\github\comp3015-30-cw\comp3015_30cw\project_template\x64\debug\scenebasic_uniform.obj
c:\users\jimto\onedrive\documents\github\comp3015-30-cw\comp3015_30cw\project_template\x64\debug\main.obj
c:\users\jimto\onedrive\documents\github\comp3015-30-cw\comp3015_30cw\project_template\x64\debug\trianglemesh.obj
c:\users\jimto\onedrive\documents\github\comp3015-30-cw\comp3015_30cw\project_template\x64\debug\torus.obj
c:\users\jimto\onedrive\documents\github\comp3015-30-cw\comp3015_30cw\project_template\x64\debug\texture.obj
c:\users\jimto\onedrive\documents\github\comp3015-30-cw\comp3015_30cw\project_template\x64\debug\stb_image.obj
c:\users\jimto\onedrive\documents\github\comp3015-30-cw\comp3015_30cw\project_template\x64\debug\skybox.obj
c:\users\jimto\onedrive\documents\github\comp3015-30-cw\comp3015_30cw\project_template\x64\debug\plane.obj
c:\users\jimto\onedrive\documents\github\comp3015-30-cw\comp3015_30cw\project_template\x64\debug\objmesh.obj
c:\users\jimto\onedrive\documents\github\comp3015-30-cw\comp3015_30cw\project_template\x64\debug\glutils.obj
c:\users\jimto\onedrive\documents\github\comp3015-30-cw\comp3015_30cw\project_template\x64\debug\glslprogram.obj
c:\users\jimto\onedrive\documents\github\comp3015-30-cw\comp3015_30cw\x64\debug\project_template.exe
c:\users\jimto\onedrive\documents\github\comp3015-30-cw\comp3015_30cw\x64\debug\project_template.pdb
c:\users\jimto\onedrive\documents\github\comp3015-30-cw\comp3015_30cw\project_template\x64\debug\project_template.ilk
c:\users\jimto\onedrive\documents\github\comp3015-70-cw\comp3015_70cw\project_template\x64\debug\glad.obj
c:\users\jimto\onedrive\documents\github\comp3015-70-cw\comp3015_70cw\project_template\x64\debug\glslprogram.obj
c:\users\jimto\onedrive\documents\github\comp3015-70-cw\comp3015_70cw\project_template\x64\debug\glutils.obj
c:\users\jimto\onedrive\documents\github\comp3015-70-cw\comp3015_70cw\project_template\x64\debug\main.obj
c:\users\jimto\onedrive\documents\github\comp3015-70-cw\comp3015_70cw\project_template\x64\debug\objmesh.obj
c:\users\jimto\onedrive\documents\github\comp3015-70-cw\comp3015_70cw\project_template\x64\debug\plane.obj
c:\users\jimto\onedrive\documents\github\comp3015-70-cw\comp3015_70cw\project_template\x64\debug\scenebasic_uniform.obj
c:\users\jimto\onedrive\documents\github\comp3015-70-cw\comp3015_70cw\project_template\x64\debug\skybox.obj
c:\users\jimto\onedrive\documents\github\comp3015-70-cw\comp3015_70cw\project_template\x64\debug\stb_image.obj
c:\users\jimto\onedrive\documents\github\comp3015-70-cw\comp3015_70cw\project_template\x64\debug\texture.obj
c:\users\jimto\onedrive\documents\github\comp3015-70-cw\comp3015_70cw\project_template\x64\debug\torus.obj
c:\users\jimto\onedrive\documents\github\comp3015-70-cw\comp3015_70cw\project_template\x64\debug\trianglemesh.obj
c:\users\jimto\onedrive\documents\github\comp3015-70-cw\comp3015_70cw\project_template\x64\debug\project_template.ilk
c:\users\jimto\onedrive\documents\github\comp3015-70-cw\comp3015_70cw\project_template\x64\debug\vc143.idb
c:\users\jimto\onedrive\documents\github\comp3015-70-cw\comp3015_70cw\project_template\x64\debug\vc143.pdb
c:\users\jimto\onedrive\documents\github\comp3015-70-cw\comp3015_70cw\project_template\x64\debug\project_template.tlog\cl.command.1.tlog
c:\users\jimto\onedrive\documents\github\comp3015-70-cw\comp3015_70cw\project_template\x64\debug\project_template.tlog\cl.items.tlog
c:\users\jimto\onedrive\documents\github\comp3015-70-cw\comp3015_70cw\project_template\x64\debug\project_template.tlog\cl.read.1.tlog
c:\users\jimto\onedrive\documents\github\comp3015-70-cw\comp3015_70cw\project_template\x64\debug\project_template.tlog\cl.write.1.tlog
c:\users\jimto\onedrive\documents\github\comp3015-70-cw\comp3015_70cw\project_template\x64\debug\project_template.tlog\link.command.1.tlog
c:\users\jimto\onedrive\documents\github\comp3015-70-cw\comp3015_70cw\project_template\x64\debug\project_template.tlog\link.read.1.tlog
c:\users\jimto\onedrive\documents\github\comp3015-70-cw\comp3015_70cw\project_template\x64\debug\project_template.tlog\link.secondary.1.tlog
c:\users\jimto\onedrive\documents\github\comp3015-70-cw\comp3015_70cw\project_template\x64\debug\project_template.tlog\link.write.1.tlog
